\BOOKMARK [0][-]{chapter.1}{Introducci\363n a Conjuntos y Funciones}{}% 1
\BOOKMARK [1][-]{subsection.1.0.1}{Principio de Inducci\363n}{chapter.1}% 2
\BOOKMARK [0][-]{chapter.2}{N\372meros Reales}{}% 3
\BOOKMARK [1][-]{section.2.1}{Propiedades Algebraicas de R}{chapter.2}% 4
\BOOKMARK [2][-]{subsection.2.1.1}{Estructura de Cuerpo}{section.2.1}% 5
\BOOKMARK [2][-]{subsection.2.1.2}{Propiedades de orden}{section.2.1}% 6
\BOOKMARK [3][-]{subsubsection.2.1.2.1}{Desigualdades Notables}{subsection.2.1.2}% 7
\BOOKMARK [2][-]{subsection.2.1.3}{Distancias y Valor Absoluto}{section.2.1}% 8
\BOOKMARK [1][-]{section.2.2}{N\372meros Complejos}{chapter.2}% 9
\BOOKMARK [2][-]{subsection.2.2.1}{Teorema Fundamental del \301lgebra}{section.2.2}% 10
\BOOKMARK [3][-]{subsubsection.2.2.1.1}{Ra\355ces de n\372meros complejos}{subsection.2.2.1}% 11
\BOOKMARK [1][-]{section.2.3}{Supremos e \315nfimos}{chapter.2}% 12
\BOOKMARK [2][-]{subsection.2.3.1}{Densidad de Q en R}{section.2.3}% 13
\BOOKMARK [2][-]{subsection.2.3.2}{Definici\363n de la exponencial real}{section.2.3}% 14
\BOOKMARK [0][-]{chapter.3}{Sucesiones y Series}{}% 15
\BOOKMARK [1][-]{section.3.1}{Sucesiones}{chapter.3}% 16
\BOOKMARK [2][-]{subsection.3.1.1}{Convergencia}{section.3.1}% 17
\BOOKMARK [3][-]{subsubsection.3.1.1.1}{Divergencia}{subsection.3.1.1}% 18
\BOOKMARK [2][-]{subsection.3.1.2}{Subsucesiones}{section.3.1}% 19
\BOOKMARK [2][-]{subsection.3.1.3}{Sucesiones de Cauchy}{section.3.1}% 20
\BOOKMARK [2][-]{subsection.3.1.4}{L\355mite inferior y superior de una sucesi\363n}{section.3.1}% 21
\BOOKMARK [2][-]{subsection.3.1.5}{L\355mites en el exponente}{section.3.1}% 22
\BOOKMARK [3][-]{subsubsection.3.1.5.1}{Paso al exponente}{subsection.3.1.5}% 23
\BOOKMARK [3][-]{subsubsection.3.1.5.2}{Ra\355ces de base variable}{subsection.3.1.5}% 24
\BOOKMARK [3][-]{subsubsection.3.1.5.3}{Exponencial de base variable}{subsection.3.1.5}% 25
\BOOKMARK [1][-]{section.3.2}{Series Num\351ricas}{chapter.3}% 26
\BOOKMARK [2][-]{subsection.3.2.1}{Criterios de convergencia}{section.3.2}% 27
\BOOKMARK [2][-]{subsection.3.2.2}{Convergencia absoluta y condicional}{section.3.2}% 28
\BOOKMARK [0][-]{chapter.4}{Funciones Continuas}{}% 29
\BOOKMARK [1][-]{section.4.1}{Concepto de L\355mite}{chapter.4}% 30
\BOOKMARK [2][-]{subsection.4.1.1}{Topolog\355a fundamental}{section.4.1}% 31
\BOOKMARK [2][-]{subsection.4.1.2}{L\355mite y propiedades}{section.4.1}% 32
\BOOKMARK [1][-]{section.4.2}{Concepto de funci\363n Continua}{chapter.4}% 33
\BOOKMARK [2][-]{subsection.4.2.1}{Teoremas Fundamentales de Funciones Continuas}{section.4.2}% 34
\BOOKMARK [3][-]{subsubsection.4.2.1.1}{Continuidad uniforme}{subsection.4.2.1}% 35
\BOOKMARK [2][-]{subsection.4.2.2}{Funciones Mon\363tonas}{section.4.2}% 36
\BOOKMARK [2][-]{subsection.4.2.3}{Continuidad de funciones elementales}{section.4.2}% 37
\BOOKMARK [3][-]{subsubsection.4.2.3.1}{Regla del Sandwich para funciones}{subsection.4.2.3}% 38
\BOOKMARK [3][-]{subsubsection.4.2.3.2}{Continuidad de funciones exponenciales}{subsection.4.2.3}% 39
\BOOKMARK [3][-]{subsubsection.4.2.3.3}{Continuidad del seno y del coseno}{subsection.4.2.3}% 40
\BOOKMARK [3][-]{subsubsection.4.2.3.4}{Continuidad de los logaritmos}{subsection.4.2.3}% 41
\BOOKMARK [0][-]{chapter.5}{C\341lculo Diferencial}{}% 42
\BOOKMARK [1][-]{section.5.1}{Derivabilidad}{chapter.5}% 43
\BOOKMARK [2][-]{subsection.5.1.1}{Concepto de Derivada}{section.5.1}% 44
\BOOKMARK [3][-]{subsubsection.5.1.1.1}{Interpretaci\363n geom\351trica de la derivada}{subsection.5.1.1}% 45
\BOOKMARK [2][-]{subsection.5.1.2}{Criterios de Derivabilidad}{section.5.1}% 46
\BOOKMARK [1][-]{section.5.2}{Crecimiento y Decrecimiento}{chapter.5}% 47
\BOOKMARK [2][-]{subsection.5.2.1}{Teorema del Valor Medio}{section.5.2}% 48
\BOOKMARK [3][-]{subsubsection.5.2.1.1}{Aplicaciones del Teorema del valor Medio}{subsection.5.2.1}% 49
\BOOKMARK [2][-]{subsection.5.2.2}{Regla de L'Hopital}{section.5.2}% 50
\BOOKMARK [3][-]{subsubsection.5.2.2.1}{L'H\364pital 1}{subsection.5.2.2}% 51
\BOOKMARK [3][-]{subsubsection.5.2.2.2}{L'H\364pital 2}{subsection.5.2.2}% 52
\BOOKMARK [3][-]{subsubsection.5.2.2.3}{Ejemplos de aplicaci\363n del Teorema de L'H\364pital}{subsection.5.2.2}% 53
\BOOKMARK [1][-]{section.5.3}{Otros Resultados}{chapter.5}% 54
\BOOKMARK [2][-]{subsection.5.3.1}{Teorema de Taylor}{section.5.3}% 55
\BOOKMARK [3][-]{subsubsection.5.3.1.1}{Aplicaciones del Teorema de Taylor}{subsection.5.3.1}% 56
\BOOKMARK [2][-]{subsection.5.3.2}{Convexidad y Concavidad}{section.5.3}% 57
\BOOKMARK [2][-]{subsection.5.3.3}{M\351todo de Newton para calcular ra\355ces de f\(x\)}{section.5.3}% 58
\BOOKMARK [0][-]{chapter.6}{C\341lculo Integral}{}% 59
\BOOKMARK [1][-]{section.6.1}{Teor\355a de la Integraci\363n}{chapter.6}% 60
\BOOKMARK [2][-]{subsection.6.1.1}{Criterios de Integrabilidad}{section.6.1}% 61
\BOOKMARK [3][-]{subsubsection.6.1.1.1}{Aditividad de la Integral}{subsection.6.1.1}% 62
\BOOKMARK [2][-]{subsection.6.1.2}{Teorema Fundamental del C\341lculo}{section.6.1}% 63
\BOOKMARK [1][-]{section.6.2}{C\341lculo de Integrales}{chapter.6}% 64
\BOOKMARK [2][-]{subsection.6.2.1}{M\351todos de integraci\363n}{section.6.2}% 65
\BOOKMARK [2][-]{subsection.6.2.2}{Integrales Impropias}{section.6.2}% 66
\BOOKMARK [3][-]{subsubsection.6.2.2.1}{Integrales Impropias de 1\252 Especie}{subsection.6.2.2}% 67
\BOOKMARK [3][-]{subsubsection.6.2.2.2}{Integrales Impropias de 2\252 especie}{subsection.6.2.2}% 68
\BOOKMARK [2][-]{subsection.6.2.3}{Integral de Darboux}{section.6.2}% 69
\BOOKMARK [0][-]{chapter.7}{Sucesiones y series de funciones}{}% 70
\BOOKMARK [1][-]{section.7.1}{Sucesiones de Funciones}{chapter.7}% 71
\BOOKMARK [2][-]{subsection.7.1.1}{Convergencia}{section.7.1}% 72
\BOOKMARK [3][-]{subsubsection.7.1.1.1}{Criterios}{subsection.7.1.1}% 73
\BOOKMARK [3][-]{subsubsection.7.1.1.2}{Conservaci\363n de propiedades por convergencia}{subsection.7.1.1}% 74
\BOOKMARK [1][-]{section.7.2}{Series de Funciones}{chapter.7}% 75
\BOOKMARK [2][-]{subsection.7.2.1}{Convergencia y propiedades}{section.7.2}% 76
\BOOKMARK [3][-]{subsubsection.7.2.1.1}{Tipos de convergencia}{subsection.7.2.1}% 77
\BOOKMARK [2][-]{subsection.7.2.2}{Series de Potencias}{section.7.2}% 78
\BOOKMARK [3][-]{subsubsection.7.2.2.1}{Series de Taylor}{subsection.7.2.2}% 79
\BOOKMARK [2][-]{subsection.7.2.3}{Definici\363n de exponencial, seno y coseno}{section.7.2}% 80
\BOOKMARK [3][-]{subsubsection.7.2.3.1}{Exponencial y Logar\355tmica}{subsection.7.2.3}% 81
